<?xml version="1.0" encoding="UTF-8"?>
<!-- Generated by org.testng.reporters.JUnitReportReporter -->
<testsuite hostname="DESKTOP-L28IVB5" failures="0" tests="6" name="com.TestLayer.LoginPageTest" time="5.382" errors="0" timestamp="17 Feb 2022 03:57:09 GMT">
  <testcase classname="com.TestLayer.LoginPageTest" name="validateUsernameEnabledStatus" time="0.038"/>
  <testcase classname="com.TestLayer.LoginPageTest" name="validatePassword" time="0.187"/>
  <testcase classname="com.TestLayer.LoginPageTest" name="validateUsernameTextBox" time="0.101"/>
  <testcase classname="com.TestLayer.LoginPageTest" name="validateUsenameDisplayedStatus" time="0.148"/>
  <testcase classname="com.TestLayer.LoginPageTest" name="validateLoginButton" time="4.859"/>
  <testcase classname="com.TestLayer.LoginPageTest" name="validateUsernameEnteredValue" time="0.049"/>
</testsuite> <!-- com.TestLayer.LoginPageTest -->
