<?xml version="1.0" encoding="UTF-8"?>
<!-- Generated by org.testng.reporters.JUnitReportReporter -->
<testsuite skipped="0" hostname="DESKTOP-L28IVB5" name="com.TestLayer.HomePageTest" tests="8" failures="0" timestamp="2022-03-13T20:27:13 IST" time="12.583" errors="0">
  <testcase name="validateLoginFunctionality" time="5.493" classname="com.TestLayer.HomePageTest"/>
  <system-out/>
  <testcase name="validateHomePageTitle" time="0.019" classname="com.TestLayer.HomePageTest"/>
  <system-out/>
  <testcase name="validateHomePageurl" time="0.016" classname="com.TestLayer.HomePageTest"/>
  <system-out/>
  <testcase name="validateLogoFunctinality" time="0.122" classname="com.TestLayer.HomePageTest"/>
  <system-out/>
  <testcase name="validateAdminPageLink" time="2.288" classname="com.TestLayer.HomePageTest"/>
  <system-out/>
  <testcase name="validatePIMPageLink" time="2.088" classname="com.TestLayer.HomePageTest"/>
  <system-out/>
  <testcase name="validateLeavePageLink" time="2.557" classname="com.TestLayer.HomePageTest"/>
  <system-out/>
  <testcase name="validateLogoutLink" time="0.000" classname="com.TestLayer.HomePageTest"/>
  <system-out/>
</testsuite> <!-- com.TestLayer.HomePageTest -->
